# JRE version: Java(TM) SE Runtime Environment (21.0.2+13) (build 21.0.2+13-LTS-58)
# Java VM: Java HotSpot(TM) 64-Bit Server VM (21.0.2+13-LTS-58, mixed mode, emulated-client, sharing, tiered, compressed oops, compressed class ptrs, g1 gc, windows-amd64)
GC Precious Log:
 CardTable entry size: 512
 Card Set container configuration: InlinePtr #cards 4 size 8 Array Of Cards #cards 16 size 48 Howl #buckets 8 coarsen threshold 3686 Howl Bitmap #cards 512 size 80 coarsen threshold 460 Card regions per heap region 1 cards per card region 4096
 CPUs: 4 total, 4 available
 Memory: 16326M
 Large Page Support: Disabled
 NUMA Support: Disabled
 Compressed Oops: Enabled (Zero based)
 Heap Region Size: 2M
 Heap Min Capacity: 8M
 Heap Initial Capacity: 256M
 Heap Max Capacity: 4082M
 Pre-touch: Disabled
 Parallel Workers: 4
 Concurrent Workers: 1
 Concurrent Refinement Workers: 4
 Periodic GC: Disabled
Heap:
 garbage-first heap   total 92160K, used 39401K [0x0000000700e00000, 0x0000000800000000)
  region size 2048K, 8 young (16384K), 1 survivors (2048K)
 Metaspace       used 35325K, committed 35968K, reserved 1114112K
  class space    used 4795K, committed 5120K, reserved 1048576K
GC Heap History (15 events):
Event: 0.441 GC heap before
{Heap before GC invocations=0 (full 0):
 garbage-first heap   total 262144K, used 10240K [0x0000000700e00000, 0x0000000800000000)
  region size 2048K, 6 young (12288K), 0 survivors (0K)
 Metaspace       used 239K, committed 448K, reserved 1114112K
  class space    used 14K, committed 128K, reserved 1048576K
}
Event: 0.446 GC heap after
{Heap after GC invocations=1 (full 0):
 garbage-first heap   total 262144K, used 8375K [0x0000000700e00000, 0x0000000800000000)
  region size 2048K, 1 young (2048K), 1 survivors (2048K)
 Metaspace       used 239K, committed 448K, reserved 1114112K
  class space    used 14K, committed 128K, reserved 1048576K
}
Event: 0.782 GC heap before
{Heap before GC invocations=1 (full 0):
 garbage-first heap   total 262144K, used 18615K [0x0000000700e00000, 0x0000000800000000)
  region size 2048K, 6 young (12288K), 1 survivors (2048K)
 Metaspace       used 5288K, committed 5504K, reserved 1114112K
  class space    used 627K, committed 704K, reserved 1048576K
}
Event: 0.786 GC heap after
{Heap after GC invocations=2 (full 0):
 garbage-first heap   total 262144K, used 12060K [0x0000000700e00000, 0x0000000800000000)
  region size 2048K, 1 young (2048K), 1 survivors (2048K)
 Metaspace       used 5288K, committed 5504K, reserved 1114112K
  class space    used 627K, committed 704K, reserved 1048576K
}
Event: 1.152 GC heap before
{Heap before GC invocations=2 (full 0):
 garbage-first heap   total 262144K, used 24348K [0x0000000700e00000, 0x0000000800000000)
  region size 2048K, 7 young (14336K), 1 survivors (2048K)
 Metaspace       used 8916K, committed 9152K, reserved 1114112K
  class space    used 1130K, committed 1216K, reserved 1048576K
}
Event: 1.156 GC heap after
{Heap after GC invocations=3 (full 0):
 garbage-first heap   total 262144K, used 12882K [0x0000000700e00000, 0x0000000800000000)
  region size 2048K, 1 young (2048K), 1 survivors (2048K)
 Metaspace       used 8916K, committed 9152K, reserved 1114112K
  class space    used 1130K, committed 1216K, reserved 1048576K
}
Event: 1.899 GC heap before
{Heap before GC invocations=3 (full 0):
 garbage-first heap   total 262144K, used 45650K [0x0000000700e00000, 0x0000000800000000)
  region size 2048K, 18 young (36864K), 1 survivors (2048K)
 Metaspace       used 16601K, committed 17024K, reserved 1114112K
  class space    used 2396K, committed 2624K, reserved 1048576K
}
Event: 1.903 GC heap after
{Heap after GC invocations=4 (full 0):
 garbage-first heap   total 262144K, used 15539K [0x0000000700e00000, 0x0000000800000000)
  region size 2048K, 2 young (4096K), 2 survivors (4096K)
 Metaspace       used 16601K, committed 17024K, reserved 1114112K
  class space    used 2396K, committed 2624K, reserved 1048576K
}
Event: 2.242 GC heap before
{Heap before GC invocations=4 (full 0):
 garbage-first heap   total 262144K, used 54451K [0x0000000700e00000, 0x0000000800000000)
  region size 2048K, 23 young (47104K), 2 survivors (4096K)
 Metaspace       used 21068K, committed 21504K, reserved 1114112K
  class space    used 2907K, committed 3136K, reserved 1048576K
}
Event: 2.249 GC heap after
{Heap after GC invocations=5 (full 0):
 garbage-first heap   total 262144K, used 18869K [0x0000000700e00000, 0x0000000800000000)
  region size 2048K, 4 young (8192K), 4 survivors (8192K)
 Metaspace       used 21068K, committed 21504K, reserved 1114112K
  class space    used 2907K, committed 3136K, reserved 1048576K
}
Event: 2.854 GC heap before
{Heap before GC invocations=6 (full 0):
 garbage-first heap   total 75776K, used 55733K [0x0000000700e00000, 0x0000000800000000)
  region size 2048K, 22 young (45056K), 4 survivors (8192K)
 Metaspace       used 26147K, committed 26624K, reserved 1114112K
  class space    used 3459K, committed 3648K, reserved 1048576K
}
Event: 2.866 GC heap after
{Heap after GC invocations=7 (full 0):
 garbage-first heap   total 92160K, used 21683K [0x0000000700e00000, 0x0000000800000000)
  region size 2048K, 3 young (6144K), 3 survivors (6144K)
 Metaspace       used 26147K, committed 26624K, reserved 1114112K
  class space    used 3459K, committed 3648K, reserved 1048576K
}
Event: 3.952 GC heap before
{Heap before GC invocations=7 (full 0):
 garbage-first heap   total 92160K, used 70835K [0x0000000700e00000, 0x0000000800000000)
  region size 2048K, 27 young (55296K), 3 survivors (6144K)
 Metaspace       used 33697K, committed 34240K, reserved 1114112K
  class space    used 4562K, committed 4800K, reserved 1048576K
}
Event: 3.968 GC heap after
{Heap after GC invocations=8 (full 0):
 garbage-first heap   total 92160K, used 26286K [0x0000000700e00000, 0x0000000800000000)
  region size 2048K, 4 young (8192K), 4 survivors (8192K)
 Metaspace       used 33697K, committed 34240K, reserved 1114112K
  class space    used 4562K, committed 4800K, reserved 1048576K
}
Event: 4.222 GC heap before
{Heap before GC invocations=8 (full 0):
 garbage-first heap   total 92160K, used 38574K [0x0000000700e00000, 0x0000000800000000)
  region size 2048K, 11 young (22528K), 4 survivors (8192K)
 Metaspace       used 35325K, committed 35968K, reserved 1114112K
  class space    used 4795K, committed 5120K, reserved 1048576K
}

